<?xml version="1.0" encoding="UTF-8"?>
<coverage generated="1644179315081" clover="3.2.0">
  <project timestamp="1644179315081" name="All files">
    <metrics statements="14" coveredstatements="14" conditionals="2" coveredconditionals="2" methods="7" coveredmethods="7" elements="23" coveredelements="23" complexity="0" loc="14" ncloc="14" packages="1" files="2" classes="2"/>
    <file name="funcs.js" path="/media/tomas/Elements/data/Dokumenty_Mega/geocach/html/funcs.js">
      <metrics statements="3" coveredstatements="3" conditionals="0" coveredconditionals="0" methods="2" coveredmethods="2"/>
      <line num="4" count="1" type="stmt"/>
      <line num="5" count="1" type="stmt"/>
      <line num="7" count="1" type="stmt"/>
    </file>
    <file name="funkce.js" path="/media/tomas/Elements/data/Dokumenty_Mega/geocach/html/funkce.js">
      <metrics statements="11" coveredstatements="11" conditionals="2" coveredconditionals="2" methods="5" coveredmethods="5"/>
      <line num="2" count="30" type="stmt"/>
      <line num="3" count="71" type="stmt"/>
      <line num="4" count="71" type="stmt"/>
      <line num="6" count="30" type="cond" truecount="2" falsecount="0"/>
      <line num="7" count="11" type="stmt"/>
      <line num="9" count="30" type="stmt"/>
      <line num="14" count="9" type="stmt"/>
      <line num="17" count="1" type="stmt"/>
      <line num="18" count="1" type="stmt"/>
      <line num="20" count="1" type="stmt"/>
      <line num="21" count="1" type="stmt"/>
    </file>
  </project>
</coverage>
