{"/media/tomas/Elements/data/Dokumenty_Mega/geocach/html/funcs.js": {"path":"/media/tomas/Elements/data/Dokumenty_Mega/geocach/html/funcs.js","statementMap":{"0":{"start":{"line":4,"column":1},"end":{"line":4,"column":27}},"1":{"start":{"line":5,"column":1},"end":{"line":5,"column":14}},"2":{"start":{"line":7,"column":12},"end":{"line":7,"column":22}},"3":{"start":{"line":7,"column":19},"end":{"line":7,"column":22}}},"fnMap":{"0":{"name":"suma","decl":{"start":{"line":3,"column":9},"end":{"line":3,"column":13}},"loc":{"start":{"line":3,"column":20},"end":{"line":6,"column":1}},"line":3},"1":{"name":"(anonymous_1)","decl":{"start":{"line":7,"column":12},"end":{"line":7,"column":13}},"loc":{"start":{"line":7,"column":19},"end":{"line":7,"column":22}},"line":7}},"branchMap":{},"s":{"0":1,"1":1,"2":1,"3":1},"f":{"0":1,"1":1},"b":{},"_coverageSchema":"1a1c01bbd47fc00a2c39e90264f33305004495a9","hash":"4e574c72cf7677f5aa78e748f148ed581930605c"}
,"/media/tomas/Elements/data/Dokumenty_Mega/geocach/html/funkce.js": {"path":"/media/tomas/Elements/data/Dokumenty_Mega/geocach/html/funkce.js","statementMap":{"0":{"start":{"line":2,"column":15},"end":{"line":5,"column":6}},"1":{"start":{"line":3,"column":3},"end":{"line":3,"column":27}},"2":{"start":{"line":4,"column":3},"end":{"line":4,"column":15}},"3":{"start":{"line":6,"column":2},"end":{"line":8,"column":3}},"4":{"start":{"line":7,"column":3},"end":{"line":7,"column":29}},"5":{"start":{"line":9,"column":2},"end":{"line":9,"column":16}},"6":{"start":{"line":14,"column":2},"end":{"line":14,"column":60}},"7":{"start":{"line":14,"column":38},"end":{"line":14,"column":55}},"8":{"start":{"line":17,"column":0},"end":{"line":17,"column":28}},"9":{"start":{"line":18,"column":0},"end":{"line":18,"column":22}},"10":{"start":{"line":20,"column":0},"end":{"line":22,"column":2}},"11":{"start":{"line":21,"column":2},"end":{"line":21,"column":10}}},"fnMap":{"0":{"name":"ciferace","decl":{"start":{"line":1,"column":9},"end":{"line":1,"column":17}},"loc":{"start":{"line":1,"column":21},"end":{"line":10,"column":2}},"line":1},"1":{"name":"(anonymous_1)","decl":{"start":{"line":2,"column":41},"end":{"line":2,"column":42}},"loc":{"start":{"line":2,"column":57},"end":{"line":5,"column":3}},"line":2},"2":{"name":"cislo","decl":{"start":{"line":13,"column":10},"end":{"line":13,"column":15}},"loc":{"start":{"line":13,"column":22},"end":{"line":15,"column":2}},"line":13},"3":{"name":"(anonymous_3)","decl":{"start":{"line":14,"column":21},"end":{"line":14,"column":22}},"loc":{"start":{"line":14,"column":38},"end":{"line":14,"column":55}},"line":14},"4":{"name":"(anonymous_4)","decl":{"start":{"line":20,"column":15},"end":{"line":20,"column":16}},"loc":{"start":{"line":20,"column":28},"end":{"line":22,"column":2}},"line":20}},"branchMap":{"0":{"loc":{"start":{"line":6,"column":2},"end":{"line":8,"column":3}},"type":"if","locations":[{"start":{"line":6,"column":2},"end":{"line":8,"column":3}},{"start":{},"end":{}}],"line":6}},"s":{"0":30,"1":71,"2":71,"3":30,"4":11,"5":30,"6":5,"7":9,"8":1,"9":1,"10":1,"11":1},"f":{"0":30,"1":71,"2":5,"3":9,"4":1},"b":{"0":[11,19]},"_coverageSchema":"1a1c01bbd47fc00a2c39e90264f33305004495a9","hash":"374b82716f3092a00dd083aa733569a64aebae17"}
}
