TN:
SF:funcs.js
FN:3,suma
FN:7,(anonymous_1)
FNF:2
FNH:2
FNDA:1,suma
FNDA:1,(anonymous_1)
DA:4,1
DA:5,1
DA:7,1
LF:3
LH:3
BRF:0
BRH:0
end_of_record
TN:
SF:funkce.js
FN:1,ciferace
FN:2,(anonymous_1)
FN:13,cislo
FN:14,(anonymous_3)
FN:20,(anonymous_4)
FNF:5
FNH:5
FNDA:30,ciferace
FNDA:71,(anonymous_1)
FNDA:5,cislo
FNDA:9,(anonymous_3)
FNDA:1,(anonymous_4)
DA:2,30
DA:3,71
DA:4,71
DA:6,30
DA:7,11
DA:9,30
DA:14,9
DA:17,1
DA:18,1
DA:20,1
DA:21,1
LF:11
LH:11
BRDA:6,0,0,11
BRDA:6,0,1,19
BRF:2
BRH:2
end_of_record
